g:\visual studio\source\repos\aksdk\x64\debug\aksdk.lib
g:\visual studio\source\repos\aksdk\x64\debug\aksdk.exp
g:\visual studio\source\repos\aksdk\x64\debug\vc143.pdb
g:\visual studio\source\repos\aksdk\x64\debug\.netframework,version=v4.7.2.assemblyattributes.obj
g:\visual studio\source\repos\aksdk\x64\debug\dllmain.obj
g:\visual studio\source\repos\aksdk\x64\debug\akmultiplefilelocation.obj
g:\visual studio\source\repos\aksdk\x64\debug\akfilepackagelut.obj
g:\visual studio\source\repos\aksdk\x64\debug\akfilepackage.obj
g:\visual studio\source\repos\aksdk\x64\debug\akfilelocationbase.obj
g:\visual studio\source\repos\aksdk\x64\debug\akdefaultlowleveliodispatcher.obj
g:\visual studio\source\repos\aksdk\x64\debug\akdefaultiohookblocking.obj
g:\visual studio\source\repos\aksdk\x64\debug\aksdk.pch
g:\visual studio\source\repos\aksdk\x64\debug\pch.obj
g:\visual studio\source\repos\aksdk\x64\debug\aksdk.dll
g:\visual studio\source\repos\aksdk\x64\debug\aksdk.pdb
g:\visual studio\source\repos\aksdk\x64\debug\aksdk.dll.metagen
g:\visual studio\source\repos\aksdk\x64\debug\aksdk.tlog\aksdk.write.1u.tlog
g:\visual studio\source\repos\aksdk\x64\debug\aksdk.tlog\cl.command.1.tlog
g:\visual studio\source\repos\aksdk\x64\debug\aksdk.tlog\cl.read.1.tlog
g:\visual studio\source\repos\aksdk\x64\debug\aksdk.tlog\cl.write.1.tlog
g:\visual studio\source\repos\aksdk\x64\debug\aksdk.tlog\link.command.1.tlog
g:\visual studio\source\repos\aksdk\x64\debug\aksdk.tlog\link.read.1.tlog
g:\visual studio\source\repos\aksdk\x64\debug\aksdk.tlog\link.write.1.tlog
g:\visual studio\source\repos\aksdk\x64\debug\aksdk.tlog\metagen.read.1.tlog
g:\visual studio\source\repos\aksdk\x64\debug\aksdk.tlog\metagen.write.1.tlog
